十月 01, 2017 4:28:15 下午 com.fzb.zrlog.plugin.server.impl.NioServer create
信息: plugin listening on port -> 40468
十月 01, 2017 4:28:15 下午 com.fzb.zrlog.plugin.server.impl.NioServer create
信息: load jar files
十月 01, 2017 4:28:16 下午 com.fzb.zrlog.plugin.data.codec.SocketDecode doDecode
信息: recv <<< null MsgPacket{contentType=JSON, status=send_request, methodStr=INIT_CONNECT, data={"actions":[],"author":"xiaochun","class":"com.fzb.zrlog.plugin.message.Plugin","dependentService":["emailService"],"desc":"畅言是一个简单而强大的社会化评论及聚合平台","id":"cc20eb91-233f-45a2-a872-5d57000a8845","indexPage":"index","name":"畅言版评论框","paths":["/sync/"],"services":[],"shortName":"changyan","version":"1.0.2"}, dataLength=355}
十月 01, 2017 4:28:16 下午 com.fzb.zrlog.plugin.server.impl.NioServer dispose
信息: 8 ms
十月 01, 2017 4:28:16 下午 com.fzb.zrlog.plugin.data.codec.SocketEncode doEncode
信息: send >>> 1 MsgPacket{contentType=JSON, status=response_success, methodStr=INIT_CONNECT, data={"runType":"BLOG"}, dataLength=18}
十月 01, 2017 4:28:18 下午 com.fzb.zrlog.plugin.data.codec.SocketDecode doDecode
信息: recv <<< null MsgPacket{contentType=JSON, status=send_request, methodStr=INIT_CONNECT, data={"actions":[],"author":"xiaochun","class":"com.fzb.zrlog.plugin.message.Plugin","dependentService":["emailService"],"desc":"评论插件","id":"709e5a69-7aee-44f5-8ee4-aa0a958648e9","indexPage":"index","name":"多说评论","paths":["/sync"],"services":[],"shortName":"duoshuo","version":"1.1.2"}, dataLength=296}
十月 01, 2017 4:28:18 下午 com.fzb.zrlog.plugin.server.impl.NioServer dispose
信息: 3 ms
十月 01, 2017 4:28:18 下午 com.fzb.zrlog.plugin.data.codec.SocketEncode doEncode
信息: send >>> 1 MsgPacket{contentType=JSON, status=response_success, methodStr=INIT_CONNECT, data={"runType":"BLOG"}, dataLength=18}
Oct 01, 2017 4:51:31 PM com.fzb.zrlog.plugin.server.impl.NioServer create
INFO: plugin listening on port -> 41033
Oct 01, 2017 4:51:31 PM com.fzb.zrlog.plugin.server.impl.NioServer create
INFO: load jar files
Oct 01, 2017 4:51:32 PM com.fzb.zrlog.plugin.data.codec.SocketDecode doDecode
INFO: recv <<< null MsgPacket{contentType=JSON, status=send_request, methodStr=INIT_CONNECT, data={"actions":[],"author":"xiaochun","class":"com.fzb.zrlog.plugin.message.Plugin","dependentService":["emailService"],"desc":"畅言是一个简单而强大的社会化评论及聚合平台","id":"3c50f20b-d0b3-4525-a61a-ef01fe5e02ec","indexPage":"index","name":"畅言版评论框","paths":["/sync/"],"services":[],"shortName":"changyan","version":"1.0.2"}, dataLength=355}
Oct 01, 2017 4:51:32 PM com.fzb.zrlog.plugin.server.impl.NioServer dispose
INFO: 11 ms
Oct 01, 2017 4:51:32 PM com.fzb.zrlog.plugin.data.codec.SocketEncode doEncode
INFO: send >>> 1 MsgPacket{contentType=JSON, status=response_success, methodStr=INIT_CONNECT, data={"runType":"BLOG"}, dataLength=18}
Oct 01, 2017 4:51:33 PM com.fzb.zrlog.plugin.data.codec.SocketDecode doDecode
INFO: recv <<< null MsgPacket{contentType=JSON, status=send_request, methodStr=INIT_CONNECT, data={"actions":[],"author":"xiaochun","class":"com.fzb.zrlog.plugin.message.Plugin","dependentService":["emailService"],"desc":"评论插件","id":"9ec81d0f-3c4d-4354-8d7e-a5130634ca10","indexPage":"index","name":"多说评论","paths":["/sync"],"services":[],"shortName":"duoshuo","version":"1.1.2"}, dataLength=296}
Oct 01, 2017 4:51:33 PM com.fzb.zrlog.plugin.server.impl.NioServer dispose
INFO: 5 ms
Oct 01, 2017 4:51:33 PM com.fzb.zrlog.plugin.data.codec.SocketEncode doEncode
INFO: send >>> 1 MsgPacket{contentType=JSON, status=response_success, methodStr=INIT_CONNECT, data={"runType":"BLOG"}, dataLength=18}
Oct 01, 2017 5:00:26 PM com.hibegin.http.server.web.PluginManagerInterceptor doInterceptor
INFO: invoke method public void com.fzb.zrlog.plugin.server.controller.PluginController.service()
Oct 01, 2017 5:10:14 PM com.hibegin.http.server.web.PluginManagerInterceptor doInterceptor
INFO: invoke method public void com.fzb.zrlog.plugin.server.controller.PluginController.index()
